<?xml version="1.0" encoding="UTF-8"?>
<!-- Generated by org.testng.reporters.JUnitReportReporter -->
<testsuite skipped="0" hostname="Devilslab" name="com.inetBanking.testCases.TC_AddNewCutomer_001" tests="1" failures="0" timestamp="29 Feb 2020 21:52:44 GMT" time="16.512" errors="0">
  <testcase name="AddNewCustomer" time="16.512" classname="com.inetBanking.testCases.TC_AddNewCutomer_001"/>
</testsuite> <!-- com.inetBanking.testCases.TC_AddNewCutomer_001 -->
