<?xml version="1.0" encoding="UTF-8"?>
<!-- Generated by org.testng.reporters.JUnitReportReporter -->
<testsuite skipped="0" hostname="Devilslab" name="com.inetBanking.testCases.TC_LoginTestDDT_002" tests="1" failures="0" timestamp="28 Feb 2020 07:04:19 GMT" time="48.937" errors="0">
  <testcase name="LoginDDT" time="48.937" classname="com.inetBanking.testCases.TC_LoginTestDDT_002"/>
</testsuite> <!-- com.inetBanking.testCases.TC_LoginTestDDT_002 -->
