<?xml version="1.0" encoding="UTF-8"?>
<!-- Generated by org.testng.reporters.JUnitReportReporter -->
<testsuite hostname="Devilslab" failures="0" tests="1" name="com.inetBanking.testCases.TC_AddNewCutomer_001" time="12.414" errors="0" timestamp="2020-03-01T23:17:12 PST" skipped="0">
  <testcase classname="com.inetBanking.testCases.TC_AddNewCutomer_001" name="AddNewCustomer" time="12.414"/>
</testsuite> <!-- com.inetBanking.testCases.TC_AddNewCutomer_001 -->
